Aug 14 16:33 : exception: Failed to decode /home/miika/Music/Shawn Mendes, Camila Cabello - Señorita.mp3; Failed to open '/home/miika/Music/Shawn Mendes, Camila Cabello - Señorita.mp3': No such file or directory
Aug 14 16:33 : player: played "Shawn Mendes, Camila Cabello - Señorita.mp3"
Aug 14 16:33 : exception: Failed to decode /home/miika/Music/Shawn Mendes, Camila Cabello - Señorita.mp3; Failed to open '/home/miika/Music/Shawn Mendes, Camila Cabello - Señorita.mp3': No such file or directory
Aug 14 16:33 : player: played "Shawn Mendes, Camila Cabello - Señorita.mp3"
Aug 14 16:34 : exception: Failed to decode /home/miika/Music/TheFatRat - Never Be Alone.mp3; Failed to open '/home/miika/Music/TheFatRat - Never Be Alone.mp3': No such file or directory
Aug 14 16:34 : player: played "TheFatRat - Never Be Alone.mp3"
Aug 14 16:34 : exception: Failed to decode /home/miika/Music/TheFatRat - Never Be Alone.mp3; Failed to open '/home/miika/Music/TheFatRat - Never Be Alone.mp3': No such file or directory
Aug 14 16:34 : player: played "TheFatRat - Never Be Alone.mp3"
Aug 14 16:34 : exception: Failed to decode /home/miika/Music/TheFatRat - Never Be Alone.mp3; Failed to open '/home/miika/Music/TheFatRat - Never Be Alone.mp3': No such file or directory
Aug 14 16:34 : player: played "TheFatRat - Never Be Alone.mp3"
Aug 14 16:34 : exception: Failed to decode /home/miika/Music/TheFatRat - Never Be Alone.mp3; Failed to open '/home/miika/Music/TheFatRat - Never Be Alone.mp3': No such file or directory
Aug 14 16:34 : player: played "TheFatRat - Never Be Alone.mp3"
Aug 14 16:34 : exception: Failed to decode /home/miika/Music/TheFatRat - Never Be Alone.mp3; Failed to open '/home/miika/Music/TheFatRat - Never Be Alone.mp3': No such file or directory
Aug 14 16:34 : player: played "TheFatRat - Never Be Alone.mp3"
Aug 14 16:34 : exception: Failed to decode /home/miika/Music/TheFatRat - Never Be Alone.mp3; Failed to open '/home/miika/Music/TheFatRat - Never Be Alone.mp3': No such file or directory
Aug 14 16:34 : player: played "TheFatRat - Never Be Alone.mp3"
Aug 14 16:34 : exception: Failed to decode /home/miika/Music/TheFatRat - Never Be Alone.mp3; Failed to open '/home/miika/Music/TheFatRat - Never Be Alone.mp3': No such file or directory
Aug 14 16:34 : player: played "TheFatRat - Never Be Alone.mp3"
Aug 14 16:34 : exception: Failed to decode /home/miika/Music/TheFatRat - Never Be Alone.mp3; Failed to open '/home/miika/Music/TheFatRat - Never Be Alone.mp3': No such file or directory
Aug 14 16:34 : player: played "TheFatRat - Never Be Alone.mp3"
Aug 14 16:34 : exception: Failed to decode /home/miika/Music/TheFatRat - Never Be Alone.mp3; Failed to open '/home/miika/Music/TheFatRat - Never Be Alone.mp3': No such file or directory
Aug 14 16:34 : player: played "TheFatRat - Never Be Alone.mp3"
Aug 14 16:34 : exception: Failed to decode /home/miika/Music/TheFatRat - Never Be Alone.mp3; Failed to open '/home/miika/Music/TheFatRat - Never Be Alone.mp3': No such file or directory
Aug 14 16:34 : player: played "TheFatRat - Never Be Alone.mp3"
Aug 14 16:34 : exception: Failed to decode /home/miika/Music/TheFatRat - Never Be Alone.mp3; Failed to open '/home/miika/Music/TheFatRat - Never Be Alone.mp3': No such file or directory
Aug 14 16:34 : player: played "TheFatRat - Never Be Alone.mp3"
Aug 14 16:34 : exception: Failed to decode /home/miika/Music/TheFatRat - Never Be Alone.mp3; Failed to open '/home/miika/Music/TheFatRat - Never Be Alone.mp3': No such file or directory
Aug 14 16:34 : player: played "TheFatRat - Never Be Alone.mp3"
Aug 14 16:34 : exception: Failed to decode /home/miika/Music/TheFatRat - Never Be Alone.mp3; Failed to open '/home/miika/Music/TheFatRat - Never Be Alone.mp3': No such file or directory
Aug 14 16:34 : player: played "TheFatRat - Never Be Alone.mp3"
Aug 14 16:34 : exception: Failed to decode /home/miika/Music/TheFatRat - Never Be Alone.mp3; Failed to open '/home/miika/Music/TheFatRat - Never Be Alone.mp3': No such file or directory
Aug 14 16:34 : player: played "TheFatRat - Never Be Alone.mp3"
Aug 14 16:34 : exception: Failed to decode /home/miika/Music/TheFatRat - Never Be Alone.mp3; Failed to open '/home/miika/Music/TheFatRat - Never Be Alone.mp3': No such file or directory
Aug 14 16:34 : player: played "TheFatRat - Never Be Alone.mp3"
Aug 14 16:34 : exception: Failed to decode /home/miika/Music/TheFatRat - Never Be Alone.mp3; Failed to open '/home/miika/Music/TheFatRat - Never Be Alone.mp3': No such file or directory
Aug 14 16:34 : player: played "TheFatRat - Never Be Alone.mp3"
Aug 14 16:34 : exception: Failed to decode /home/miika/Music/TheFatRat - Never Be Alone.mp3; Failed to open '/home/miika/Music/TheFatRat - Never Be Alone.mp3': No such file or directory
Aug 14 16:34 : player: played "TheFatRat - Never Be Alone.mp3"
Aug 14 16:34 : exception: Failed to decode /home/miika/Music/TheFatRat - Never Be Alone.mp3; Failed to open '/home/miika/Music/TheFatRat - Never Be Alone.mp3': No such file or directory
Aug 14 16:34 : player: played "TheFatRat - Never Be Alone.mp3"
Aug 14 16:34 : exception: Failed to decode /home/miika/Music/TheFatRat - Never Be Alone.mp3; Failed to open '/home/miika/Music/TheFatRat - Never Be Alone.mp3': No such file or directory
Aug 14 16:34 : player: played "TheFatRat - Never Be Alone.mp3"
Aug 14 16:34 : exception: Failed to decode /home/miika/Music/TheFatRat - Never Be Alone.mp3; Failed to open '/home/miika/Music/TheFatRat - Never Be Alone.mp3': No such file or directory
Aug 14 16:34 : player: played "TheFatRat - Never Be Alone.mp3"
Aug 14 16:34 : exception: Failed to decode /home/miika/Music/TheFatRat - Never Be Alone.mp3; Failed to open '/home/miika/Music/TheFatRat - Never Be Alone.mp3': No such file or directory
Aug 14 16:34 : player: played "TheFatRat - Never Be Alone.mp3"
Aug 14 16:34 : exception: Failed to decode /home/miika/Music/TheFatRat - Never Be Alone.mp3; Failed to open '/home/miika/Music/TheFatRat - Never Be Alone.mp3': No such file or directory
Aug 14 16:34 : player: played "TheFatRat - Never Be Alone.mp3"
Aug 14 16:34 : exception: Failed to decode /home/miika/Music/TheFatRat - Never Be Alone.mp3; Failed to open '/home/miika/Music/TheFatRat - Never Be Alone.mp3': No such file or directory
Aug 14 16:34 : player: played "TheFatRat - Never Be Alone.mp3"
Aug 14 16:34 : exception: Failed to decode /home/miika/Music/TheFatRat - Never Be Alone.mp3; Failed to open '/home/miika/Music/TheFatRat - Never Be Alone.mp3': No such file or directory
Aug 14 16:34 : player: played "TheFatRat - Never Be Alone.mp3"
Aug 14 16:34 : exception: Failed to decode /home/miika/Music/TheFatRat - Never Be Alone.mp3; Failed to open '/home/miika/Music/TheFatRat - Never Be Alone.mp3': No such file or directory
Aug 14 16:34 : player: played "TheFatRat - Never Be Alone.mp3"
Aug 14 16:34 : exception: Failed to decode /home/miika/Music/TheFatRat - Never Be Alone.mp3; Failed to open '/home/miika/Music/TheFatRat - Never Be Alone.mp3': No such file or directory
Aug 14 16:34 : exception: Failed to decode /home/miika/Music/TheFatRat - Never Be Alone.mp3; Failed to open '/home/miika/Music/TheFatRat - Never Be Alone.mp3': No such file or directory
Aug 14 16:34 : player: played "TheFatRat - Never Be Alone.mp3"
Aug 14 16:34 : exception: Failed to decode /home/miika/Music/TheFatRat - Never Be Alone.mp3; Failed to open '/home/miika/Music/TheFatRat - Never Be Alone.mp3': No such file or directory
Aug 14 16:34 : player: played "TheFatRat - Never Be Alone.mp3"
Aug 14 16:34 : exception: Failed to decode /home/miika/Music/TheFatRat - Never Be Alone.mp3; Failed to open '/home/miika/Music/TheFatRat - Never Be Alone.mp3': No such file or directory
Aug 14 16:34 : player: played "TheFatRat - Never Be Alone.mp3"
Aug 14 16:34 : exception: Failed to decode /home/miika/Music/TheFatRat - Never Be Alone.mp3; Failed to open '/home/miika/Music/TheFatRat - Never Be Alone.mp3': No such file or directory
Aug 14 16:34 : player: played "TheFatRat - Never Be Alone.mp3"
Aug 14 16:34 : exception: Failed to decode /home/miika/Music/TheFatRat - Never Be Alone.mp3; Failed to open '/home/miika/Music/TheFatRat - Never Be Alone.mp3': No such file or directory
Aug 14 16:34 : player: played "TheFatRat - Never Be Alone.mp3"
Aug 14 16:34 : exception: Failed to decode /home/miika/Music/TheFatRat - Never Be Alone.mp3; Failed to open '/home/miika/Music/TheFatRat - Never Be Alone.mp3': No such file or directory
Aug 14 16:34 : player: played "TheFatRat - Never Be Alone.mp3"
Aug 14 16:34 : exception: Failed to decode /home/miika/Music/TheFatRat - Never Be Alone.mp3; Failed to open '/home/miika/Music/TheFatRat - Never Be Alone.mp3': No such file or directory
Aug 14 16:34 : player: played "TheFatRat - Never Be Alone.mp3"
Aug 14 16:34 : exception: Failed to decode /home/miika/Music/TheFatRat - Never Be Alone.mp3; Failed to open '/home/miika/Music/TheFatRat - Never Be Alone.mp3': No such file or directory
Aug 14 16:34 : player: played "TheFatRat - Never Be Alone.mp3"
Aug 14 16:34 : exception: Failed to decode /home/miika/Music/TheFatRat - Never Be Alone.mp3; Failed to open '/home/miika/Music/TheFatRat - Never Be Alone.mp3': No such file or directory
Aug 14 16:34 : player: played "TheFatRat - Never Be Alone.mp3"
Aug 14 16:34 : exception: Failed to decode /home/miika/Music/TheFatRat - Never Be Alone.mp3; Failed to open '/home/miika/Music/TheFatRat - Never Be Alone.mp3': No such file or directory
Aug 14 16:34 : player: played "TheFatRat - Never Be Alone.mp3"
Aug 14 16:34 : exception: Failed to decode /home/miika/Music/TheFatRat - Never Be Alone.mp3; Failed to open '/home/miika/Music/TheFatRat - Never Be Alone.mp3': No such file or directory
Aug 14 16:34 : player: played "TheFatRat - Never Be Alone.mp3"
Aug 14 16:34 : exception: Failed to decode /home/miika/Music/TheFatRat - Never Be Alone.mp3; Failed to open '/home/miika/Music/TheFatRat - Never Be Alone.mp3': No such file or directory
Aug 14 16:34 : player: played "TheFatRat - Never Be Alone.mp3"
Aug 14 16:34 : exception: Failed to decode /home/miika/Music/TheFatRat - Never Be Alone.mp3; Failed to open '/home/miika/Music/TheFatRat - Never Be Alone.mp3': No such file or directory
Aug 14 16:34 : player: played "TheFatRat - Never Be Alone.mp3"
Aug 14 16:34 : exception: Failed to decode /home/miika/Music/TheFatRat - Never Be Alone.mp3; Failed to open '/home/miika/Music/TheFatRat - Never Be Alone.mp3': No such file or directory
Aug 14 16:34 : player: played "TheFatRat - Never Be Alone.mp3"
Aug 14 16:34 : exception: Failed to decode /home/miika/Music/TheFatRat - Never Be Alone.mp3; Failed to open '/home/miika/Music/TheFatRat - Never Be Alone.mp3': No such file or directory
Aug 14 16:34 : player: played "TheFatRat - Never Be Alone.mp3"
Aug 14 16:34 : exception: Failed to decode /home/miika/Music/TheFatRat - Never Be Alone.mp3; Failed to open '/home/miika/Music/TheFatRat - Never Be Alone.mp3': No such file or directory
Aug 14 16:34 : player: played "TheFatRat - Never Be Alone.mp3"
Aug 14 16:34 : exception: Failed to decode /home/miika/Music/TheFatRat - Never Be Alone.mp3; Failed to open '/home/miika/Music/TheFatRat - Never Be Alone.mp3': No such file or directory
Aug 14 16:34 : player: played "TheFatRat - Never Be Alone.mp3"
Aug 14 16:34 : exception: Failed to decode /home/miika/Music/TheFatRat - Never Be Alone.mp3; Failed to open '/home/miika/Music/TheFatRat - Never Be Alone.mp3': No such file or directory
Aug 14 16:34 : player: played "TheFatRat - Never Be Alone.mp3"
Aug 14 16:34 : exception: Failed to decode /home/miika/Music/TheFatRat - Never Be Alone.mp3; Failed to open '/home/miika/Music/TheFatRat - Never Be Alone.mp3': No such file or directory
Aug 14 16:34 : player: played "TheFatRat - Never Be Alone.mp3"
Aug 14 16:34 : exception: Failed to decode /home/miika/Music/TheFatRat - Never Be Alone.mp3; Failed to open '/home/miika/Music/TheFatRat - Never Be Alone.mp3': No such file or directory
Aug 14 16:34 : player: played "TheFatRat - Never Be Alone.mp3"
Aug 14 16:34 : exception: Failed to decode /home/miika/Music/TheFatRat - Never Be Alone.mp3; Failed to open '/home/miika/Music/TheFatRat - Never Be Alone.mp3': No such file or directory
Aug 14 16:34 : player: played "TheFatRat - Never Be Alone.mp3"
Aug 14 16:34 : exception: Failed to decode /home/miika/Music/TheFatRat - Never Be Alone.mp3; Failed to open '/home/miika/Music/TheFatRat - Never Be Alone.mp3': No such file or directory
Aug 14 16:34 : player: played "TheFatRat - Never Be Alone.mp3"
Aug 14 16:34 : exception: Failed to decode /home/miika/Music/TheFatRat - Never Be Alone.mp3; Failed to open '/home/miika/Music/TheFatRat - Never Be Alone.mp3': No such file or directory
Aug 14 16:34 : player: played "TheFatRat - Never Be Alone.mp3"
Aug 14 16:34 : exception: Failed to decode /home/miika/Music/TheFatRat - Never Be Alone.mp3; Failed to open '/home/miika/Music/TheFatRat - Never Be Alone.mp3': No such file or directory
Aug 14 16:34 : player: played "TheFatRat - Never Be Alone.mp3"
Aug 14 16:34 : exception: Failed to decode /home/miika/Music/TheFatRat - Never Be Alone.mp3; Failed to open '/home/miika/Music/TheFatRat - Never Be Alone.mp3': No such file or directory
Aug 14 16:34 : player: played "TheFatRat - Never Be Alone.mp3"
Aug 14 16:34 : exception: Failed to decode /home/miika/Music/TheFatRat - Never Be Alone.mp3; Failed to open '/home/miika/Music/TheFatRat - Never Be Alone.mp3': No such file or directory
Aug 14 16:34 : player: played "TheFatRat - Never Be Alone.mp3"
Aug 14 16:34 : exception: Failed to decode /home/miika/Music/TheFatRat - Never Be Alone.mp3; Failed to open '/home/miika/Music/TheFatRat - Never Be Alone.mp3': No such file or directory
Aug 14 16:34 : player: played "TheFatRat - Never Be Alone.mp3"
Aug 14 16:34 : exception: Failed to open /home/miika/.config/mpd/playlists: No such file or directory
Aug 14 16:34 : exception: Failed to decode /home/miika/Music/Alan Walker, AuRa, Tomine Harket - Darkside.mp3; Failed to open '/home/miika/Music/Alan Walker, AuRa, Tomine Harket - Darkside.mp3': No such file or directory
Aug 14 16:34 : player: played "Alan Walker, AuRa, Tomine Harket - Darkside.mp3"
Aug 14 16:34 : exception: Failed to decode /home/miika/Music/Alan Walker, AuRa, Tomine Harket - Darkside.mp3; Failed to open '/home/miika/Music/Alan Walker, AuRa, Tomine Harket - Darkside.mp3': No such file or directory
Aug 14 16:34 : player: played "Alan Walker, AuRa, Tomine Harket - Darkside.mp3"
Aug 14 16:34 : exception: Failed to decode /home/miika/Music/Alan Walker, AuRa, Tomine Harket - Darkside.mp3; Failed to open '/home/miika/Music/Alan Walker, AuRa, Tomine Harket - Darkside.mp3': No such file or directory
Aug 14 16:34 : player: played "Alan Walker, AuRa, Tomine Harket - Darkside.mp3"
Aug 14 16:34 : exception: Failed to decode /home/miika/Music/Alan Walker, AuRa, Tomine Harket - Darkside.mp3; Failed to open '/home/miika/Music/Alan Walker, AuRa, Tomine Harket - Darkside.mp3': No such file or directory
Aug 14 16:34 : player: played "Alan Walker, AuRa, Tomine Harket - Darkside.mp3"
Aug 14 16:34 : exception: Failed to decode /home/miika/Music/Alan Walker, AuRa, Tomine Harket - Darkside.mp3; Failed to open '/home/miika/Music/Alan Walker, AuRa, Tomine Harket - Darkside.mp3': No such file or directory
Aug 14 16:34 : player: played "Alan Walker, AuRa, Tomine Harket - Darkside.mp3"
Aug 14 16:34 : exception: Failed to decode /home/miika/Music/Alan Walker, AuRa, Tomine Harket - Darkside.mp3; Failed to open '/home/miika/Music/Alan Walker, AuRa, Tomine Harket - Darkside.mp3': No such file or directory
Aug 14 16:34 : player: played "Alan Walker, AuRa, Tomine Harket - Darkside.mp3"
Aug 14 16:34 : exception: Failed to decode /home/miika/Music/Alan Walker, AuRa, Tomine Harket - Darkside.mp3; Failed to open '/home/miika/Music/Alan Walker, AuRa, Tomine Harket - Darkside.mp3': No such file or directory
Aug 14 16:34 : player: played "Alan Walker, AuRa, Tomine Harket - Darkside.mp3"
Aug 14 16:34 : exception: Failed to decode /home/miika/Music/Alan Walker, AuRa, Tomine Harket - Darkside.mp3; Failed to open '/home/miika/Music/Alan Walker, AuRa, Tomine Harket - Darkside.mp3': No such file or directory
Aug 14 16:34 : player: played "Alan Walker, AuRa, Tomine Harket - Darkside.mp3"
Aug 14 16:34 : exception: Failed to decode /home/miika/Music/Alan Walker, AuRa, Tomine Harket - Darkside.mp3; Failed to open '/home/miika/Music/Alan Walker, AuRa, Tomine Harket - Darkside.mp3': No such file or directory
Aug 14 16:34 : player: played "Alan Walker, AuRa, Tomine Harket - Darkside.mp3"
Aug 14 16:34 : exception: Failed to decode /home/miika/Music/Alan Walker, AuRa, Tomine Harket - Darkside.mp3; Failed to open '/home/miika/Music/Alan Walker, AuRa, Tomine Harket - Darkside.mp3': No such file or directory
Aug 14 16:34 : player: played "Alan Walker, AuRa, Tomine Harket - Darkside.mp3"
Aug 14 16:34 : exception: Failed to decode /home/miika/Music/Alan Walker, AuRa, Tomine Harket - Darkside.mp3; Failed to open '/home/miika/Music/Alan Walker, AuRa, Tomine Harket - Darkside.mp3': No such file or directory
Aug 14 16:34 : player: played "Alan Walker, AuRa, Tomine Harket - Darkside.mp3"
Aug 14 16:34 : exception: Failed to decode /home/miika/Music/Alan Walker, AuRa, Tomine Harket - Darkside.mp3; Failed to open '/home/miika/Music/Alan Walker, AuRa, Tomine Harket - Darkside.mp3': No such file or directory
Aug 14 16:34 : player: played "Alan Walker, AuRa, Tomine Harket - Darkside.mp3"
Aug 14 16:34 : exception: Failed to decode /home/miika/Music/Alan Walker, AuRa, Tomine Harket - Darkside.mp3; Failed to open '/home/miika/Music/Alan Walker, AuRa, Tomine Harket - Darkside.mp3': No such file or directory
Aug 14 16:34 : player: played "Alan Walker, AuRa, Tomine Harket - Darkside.mp3"
Aug 14 16:34 : exception: Failed to decode /home/miika/Music/Alan Walker, AuRa, Tomine Harket - Darkside.mp3; Failed to open '/home/miika/Music/Alan Walker, AuRa, Tomine Harket - Darkside.mp3': No such file or directory
Aug 14 16:34 : player: played "Alan Walker, AuRa, Tomine Harket - Darkside.mp3"
Aug 14 16:34 : exception: Failed to decode /home/miika/Music/Alan Walker, AuRa, Tomine Harket - Darkside.mp3; Failed to open '/home/miika/Music/Alan Walker, AuRa, Tomine Harket - Darkside.mp3': No such file or directory
Aug 14 16:34 : player: played "Alan Walker, AuRa, Tomine Harket - Darkside.mp3"
Aug 14 16:34 : exception: Failed to decode /home/miika/Music/Alan Walker, AuRa, Tomine Harket - Darkside.mp3; Failed to open '/home/miika/Music/Alan Walker, AuRa, Tomine Harket - Darkside.mp3': No such file or directory
Aug 14 16:34 : player: played "Alan Walker, AuRa, Tomine Harket - Darkside.mp3"
Aug 14 16:34 : exception: Failed to decode /home/miika/Music/Alan Walker, AuRa, Tomine Harket - Darkside.mp3; Failed to open '/home/miika/Music/Alan Walker, AuRa, Tomine Harket - Darkside.mp3': No such file or directory
Aug 14 16:34 : player: played "Alan Walker, AuRa, Tomine Harket - Darkside.mp3"
Aug 14 16:34 : exception: Failed to decode /home/miika/Music/Alan Walker, AuRa, Tomine Harket - Darkside.mp3; Failed to open '/home/miika/Music/Alan Walker, AuRa, Tomine Harket - Darkside.mp3': No such file or directory
Aug 14 16:34 : player: played "Alan Walker, AuRa, Tomine Harket - Darkside.mp3"
Aug 14 16:34 : exception: Failed to decode /home/miika/Music/Alan Walker, AuRa, Tomine Harket - Darkside.mp3; Failed to open '/home/miika/Music/Alan Walker, AuRa, Tomine Harket - Darkside.mp3': No such file or directory
Aug 14 16:34 : player: played "Alan Walker, AuRa, Tomine Harket - Darkside.mp3"
Aug 14 16:34 : exception: Failed to decode /home/miika/Music/Alan Walker, AuRa, Tomine Harket - Darkside.mp3; Failed to open '/home/miika/Music/Alan Walker, AuRa, Tomine Harket - Darkside.mp3': No such file or directory
Aug 14 16:34 : player: played "Alan Walker, AuRa, Tomine Harket - Darkside.mp3"
Aug 14 16:34 : exception: Failed to decode /home/miika/Music/Alan Walker, AuRa, Tomine Harket - Darkside.mp3; Failed to open '/home/miika/Music/Alan Walker, AuRa, Tomine Harket - Darkside.mp3': No such file or directory
Aug 14 16:34 : player: played "Alan Walker, AuRa, Tomine Harket - Darkside.mp3"
Aug 14 16:34 : exception: Failed to decode /home/miika/Music/Alan Walker, AuRa, Tomine Harket - Darkside.mp3; Failed to open '/home/miika/Music/Alan Walker, AuRa, Tomine Harket - Darkside.mp3': No such file or directory
Aug 14 16:34 : player: played "Alan Walker, AuRa, Tomine Harket - Darkside.mp3"
Aug 14 16:34 : exception: Failed to decode /home/miika/Music/Alan Walker, AuRa, Tomine Harket - Darkside.mp3; Failed to open '/home/miika/Music/Alan Walker, AuRa, Tomine Harket - Darkside.mp3': No such file or directory
Aug 14 16:34 : player: played "Alan Walker, AuRa, Tomine Harket - Darkside.mp3"
Aug 14 16:34 : exception: Failed to decode /home/miika/Music/Alan Walker, AuRa, Tomine Harket - Darkside.mp3; Failed to open '/home/miika/Music/Alan Walker, AuRa, Tomine Harket - Darkside.mp3': No such file or directory
Aug 14 16:34 : player: played "Alan Walker, AuRa, Tomine Harket - Darkside.mp3"
Aug 14 16:34 : exception: Failed to decode /home/miika/Music/Alan Walker, AuRa, Tomine Harket - Darkside.mp3; Failed to open '/home/miika/Music/Alan Walker, AuRa, Tomine Harket - Darkside.mp3': No such file or directory
Aug 14 16:34 : player: played "Alan Walker, AuRa, Tomine Harket - Darkside.mp3"
Aug 14 16:34 : exception: Failed to decode /home/miika/Music/Alan Walker, AuRa, Tomine Harket - Darkside.mp3; Failed to open '/home/miika/Music/Alan Walker, AuRa, Tomine Harket - Darkside.mp3': No such file or directory
Aug 14 16:34 : player: played "Alan Walker, AuRa, Tomine Harket - Darkside.mp3"
Aug 14 16:34 : exception: Failed to decode /home/miika/Music/Alan Walker, AuRa, Tomine Harket - Darkside.mp3; Failed to open '/home/miika/Music/Alan Walker, AuRa, Tomine Harket - Darkside.mp3': No such file or directory
Aug 14 16:34 : player: played "Alan Walker, AuRa, Tomine Harket - Darkside.mp3"
Aug 14 16:34 : exception: Failed to decode /home/miika/Music/Alan Walker, AuRa, Tomine Harket - Darkside.mp3; Failed to open '/home/miika/Music/Alan Walker, AuRa, Tomine Harket - Darkside.mp3': No such file or directory
Aug 14 16:34 : player: played "Alan Walker, AuRa, Tomine Harket - Darkside.mp3"
Aug 14 16:34 : exception: Failed to decode /home/miika/Music/Alan Walker, AuRa, Tomine Harket - Darkside.mp3; Failed to open '/home/miika/Music/Alan Walker, AuRa, Tomine Harket - Darkside.mp3': No such file or directory
Aug 14 16:34 : player: played "Alan Walker, AuRa, Tomine Harket - Darkside.mp3"
Aug 14 16:34 : exception: Failed to decode /home/miika/Music/Alan Walker, AuRa, Tomine Harket - Darkside.mp3; Failed to open '/home/miika/Music/Alan Walker, AuRa, Tomine Harket - Darkside.mp3': No such file or directory
Aug 14 16:34 : player: played "Alan Walker, AuRa, Tomine Harket - Darkside.mp3"
Aug 14 16:34 : exception: Failed to decode /home/miika/Music/Alan Walker, AuRa, Tomine Harket - Darkside.mp3; Failed to open '/home/miika/Music/Alan Walker, AuRa, Tomine Harket - Darkside.mp3': No such file or directory
Aug 14 16:34 : player: played "Alan Walker, AuRa, Tomine Harket - Darkside.mp3"
Aug 14 16:34 : exception: Failed to decode /home/miika/Music/Alan Walker, AuRa, Tomine Harket - Darkside.mp3; Failed to open '/home/miika/Music/Alan Walker, AuRa, Tomine Harket - Darkside.mp3': No such file or directory
Aug 14 16:34 : player: played "Alan Walker, AuRa, Tomine Harket - Darkside.mp3"
Aug 14 16:34 : exception: Failed to decode /home/miika/Music/Alan Walker, AuRa, Tomine Harket - Darkside.mp3; Failed to open '/home/miika/Music/Alan Walker, AuRa, Tomine Harket - Darkside.mp3': No such file or directory
Aug 14 16:34 : player: played "Alan Walker, AuRa, Tomine Harket - Darkside.mp3"
Aug 14 16:34 : exception: Failed to decode /home/miika/Music/Alan Walker, AuRa, Tomine Harket - Darkside.mp3; Failed to open '/home/miika/Music/Alan Walker, AuRa, Tomine Harket - Darkside.mp3': No such file or directory
Aug 14 16:34 : player: played "Alan Walker, AuRa, Tomine Harket - Darkside.mp3"
Aug 14 16:34 : exception: Failed to decode /home/miika/Music/Alan Walker, AuRa, Tomine Harket - Darkside.mp3; Failed to open '/home/miika/Music/Alan Walker, AuRa, Tomine Harket - Darkside.mp3': No such file or directory
Aug 14 16:34 : player: played "Alan Walker, AuRa, Tomine Harket - Darkside.mp3"
Aug 14 16:34 : exception: Failed to decode /home/miika/Music/Alan Walker, AuRa, Tomine Harket - Darkside.mp3; Failed to open '/home/miika/Music/Alan Walker, AuRa, Tomine Harket - Darkside.mp3': No such file or directory
Aug 14 16:34 : player: played "Alan Walker, AuRa, Tomine Harket - Darkside.mp3"
Aug 14 16:34 : exception: Failed to decode /home/miika/Music/Alan Walker, AuRa, Tomine Harket - Darkside.mp3; Failed to open '/home/miika/Music/Alan Walker, AuRa, Tomine Harket - Darkside.mp3': No such file or directory
Aug 14 16:34 : player: played "Alan Walker, AuRa, Tomine Harket - Darkside.mp3"
Aug 14 16:34 : exception: Failed to decode /home/miika/Music/Alan Walker, AuRa, Tomine Harket - Darkside.mp3; Failed to open '/home/miika/Music/Alan Walker, AuRa, Tomine Harket - Darkside.mp3': No such file or directory
Aug 14 16:34 : player: played "Alan Walker, AuRa, Tomine Harket - Darkside.mp3"
Aug 14 16:34 : exception: Failed to decode /home/miika/Music/Alan Walker, AuRa, Tomine Harket - Darkside.mp3; Failed to open '/home/miika/Music/Alan Walker, AuRa, Tomine Harket - Darkside.mp3': No such file or directory
Aug 14 16:34 : player: played "Alan Walker, AuRa, Tomine Harket - Darkside.mp3"
Aug 14 16:34 : exception: Failed to decode /home/miika/Music/Alan Walker, AuRa, Tomine Harket - Darkside.mp3; Failed to open '/home/miika/Music/Alan Walker, AuRa, Tomine Harket - Darkside.mp3': No such file or directory
Aug 14 16:34 : player: played "Alan Walker, AuRa, Tomine Harket - Darkside.mp3"
Aug 14 16:34 : exception: Failed to decode /home/miika/Music/Alan Walker, AuRa, Tomine Harket - Darkside.mp3; Failed to open '/home/miika/Music/Alan Walker, AuRa, Tomine Harket - Darkside.mp3': No such file or directory
Aug 14 16:34 : player: played "Alan Walker, AuRa, Tomine Harket - Darkside.mp3"
Aug 14 16:34 : exception: Failed to decode /home/miika/Music/Alan Walker, AuRa, Tomine Harket - Darkside.mp3; Failed to open '/home/miika/Music/Alan Walker, AuRa, Tomine Harket - Darkside.mp3': No such file or directory
Aug 14 16:34 : player: played "Alan Walker, AuRa, Tomine Harket - Darkside.mp3"
Aug 14 16:34 : exception: Failed to decode /home/miika/Music/Alan Walker, AuRa, Tomine Harket - Darkside.mp3; Failed to open '/home/miika/Music/Alan Walker, AuRa, Tomine Harket - Darkside.mp3': No such file or directory
Aug 14 16:34 : player: played "Alan Walker, AuRa, Tomine Harket - Darkside.mp3"
Aug 14 16:34 : exception: Failed to decode /home/miika/Music/Alan Walker, AuRa, Tomine Harket - Darkside.mp3; Failed to open '/home/miika/Music/Alan Walker, AuRa, Tomine Harket - Darkside.mp3': No such file or directory
Aug 14 16:34 : player: played "Alan Walker, AuRa, Tomine Harket - Darkside.mp3"
Aug 14 16:34 : exception: Failed to decode /home/miika/Music/Alan Walker, AuRa, Tomine Harket - Darkside.mp3; Failed to open '/home/miika/Music/Alan Walker, AuRa, Tomine Harket - Darkside.mp3': No such file or directory
Aug 14 16:34 : player: played "Alan Walker, AuRa, Tomine Harket - Darkside.mp3"
Aug 14 16:34 : exception: Failed to decode /home/miika/Music/Alan Walker, AuRa, Tomine Harket - Darkside.mp3; Failed to open '/home/miika/Music/Alan Walker, AuRa, Tomine Harket - Darkside.mp3': No such file or directory
Aug 14 16:34 : player: played "Alan Walker, AuRa, Tomine Harket - Darkside.mp3"
Aug 14 16:34 : exception: Failed to decode /home/miika/Music/Alan Walker, AuRa, Tomine Harket - Darkside.mp3; Failed to open '/home/miika/Music/Alan Walker, AuRa, Tomine Harket - Darkside.mp3': No such file or directory
Aug 14 16:34 : player: played "Alan Walker, AuRa, Tomine Harket - Darkside.mp3"
Aug 14 16:34 : exception: Failed to decode /home/miika/Music/Alan Walker, AuRa, Tomine Harket - Darkside.mp3; Failed to open '/home/miika/Music/Alan Walker, AuRa, Tomine Harket - Darkside.mp3': No such file or directory
Aug 14 16:34 : player: played "Alan Walker, AuRa, Tomine Harket - Darkside.mp3"
Aug 14 16:34 : exception: Failed to decode /home/miika/Music/Alan Walker, AuRa, Tomine Harket - Darkside.mp3; Failed to open '/home/miika/Music/Alan Walker, AuRa, Tomine Harket - Darkside.mp3': No such file or directory
Aug 14 16:34 : player: played "Alan Walker, AuRa, Tomine Harket - Darkside.mp3"
Aug 14 16:34 : exception: Failed to decode /home/miika/Music/Alan Walker, AuRa, Tomine Harket - Darkside.mp3; Failed to open '/home/miika/Music/Alan Walker, AuRa, Tomine Harket - Darkside.mp3': No such file or directory
Aug 14 16:34 : player: played "Alan Walker, AuRa, Tomine Harket - Darkside.mp3"
Aug 14 16:34 : exception: Failed to decode /home/miika/Music/Alan Walker, AuRa, Tomine Harket - Darkside.mp3; Failed to open '/home/miika/Music/Alan Walker, AuRa, Tomine Harket - Darkside.mp3': No such file or directory
Aug 14 16:34 : player: played "Alan Walker, AuRa, Tomine Harket - Darkside.mp3"
Aug 14 16:34 : exception: Failed to decode /home/miika/Music/Alan Walker, AuRa, Tomine Harket - Darkside.mp3; Failed to open '/home/miika/Music/Alan Walker, AuRa, Tomine Harket - Darkside.mp3': No such file or directory
Aug 14 16:34 : player: played "Alan Walker, AuRa, Tomine Harket - Darkside.mp3"
Aug 14 16:34 : exception: Failed to decode /home/miika/Music/Alan Walker, AuRa, Tomine Harket - Darkside.mp3; Failed to open '/home/miika/Music/Alan Walker, AuRa, Tomine Harket - Darkside.mp3': No such file or directory
Aug 14 16:34 : player: played "Alan Walker, AuRa, Tomine Harket - Darkside.mp3"
Aug 14 16:34 : exception: Failed to open /home/miika/.config/mpd/playlists: No such file or directory
Aug 14 16:34 : exception: Failed to open /home/miika/.config/mpd/playlists: No such file or directory
Aug 14 16:34 : exception: Failed to open /home/miika/.config/mpd/playlists: No such file or directory
Aug 14 16:34 : exception: Failed to open /home/miika/.config/mpd/playlists: No such file or directory
Aug 14 16:34 : exception: Failed to open /home/miika/.config/mpd/playlists: No such file or directory
Aug 14 16:34 : exception: Failed to open /home/miika/.config/mpd/playlists: No such file or directory
Aug 14 16:34 : exception: Failed to open /home/miika/.config/mpd/playlists: No such file or directory
Aug 14 16:34 : exception: Failed to open /home/miika/.config/mpd/playlists: No such file or directory
Aug 14 16:34 : exception: Failed to open /home/miika/.config/mpd/playlists: No such file or directory
Aug 14 16:34 : exception: Failed to open /home/miika/.config/mpd/playlists: No such file or directory
Aug 14 16:34 : exception: Failed to open /home/miika/.config/mpd/playlists: No such file or directory
Aug 14 16:34 : exception: Failed to open /home/miika/.config/mpd/playlists: No such file or directory
Aug 14 16:34 : exception: Failed to open /home/miika/.config/mpd/playlists: No such file or directory
Aug 14 16:34 : exception: Failed to open /home/miika/.config/mpd/playlists: No such file or directory
Aug 14 16:34 : exception: Failed to open /home/miika/.config/mpd/playlists: No such file or directory
Aug 14 16:34 : exception: Failed to open /home/miika/.config/mpd/playlists: No such file or directory
Aug 14 16:34 : exception: Failed to open /home/miika/.config/mpd/playlists: No such file or directory
Aug 14 16:34 : exception: Failed to open /home/miika/.config/mpd/playlists: No such file or directory
Aug 14 16:34 : exception: Failed to open /home/miika/.config/mpd/playlists: No such file or directory
Aug 14 16:34 : exception: Failed to open /home/miika/.config/mpd/playlists: No such file or directory
Aug 14 16:34 : exception: Failed to open /home/miika/.config/mpd/playlists: No such file or directory
Aug 14 16:34 : exception: Failed to open /home/miika/.config/mpd/playlists: No such file or directory
Aug 14 16:34 : exception: Failed to open /home/miika/.config/mpd/playlists: No such file or directory
Aug 14 16:34 : exception: Failed to open /home/miika/.config/mpd/playlists: No such file or directory
Aug 14 16:34 : exception: Failed to open /home/miika/.config/mpd/playlists: No such file or directory
Aug 14 16:34 : exception: Failed to open /home/miika/.config/mpd/playlists: No such file or directory
Aug 14 16:34 : exception: Failed to open /home/miika/.config/mpd/playlists: No such file or directory
Aug 14 16:34 : exception: Failed to open /home/miika/.config/mpd/playlists: No such file or directory
Aug 14 16:34 : exception: Failed to open /home/miika/.config/mpd/playlists: No such file or directory
Aug 14 16:34 : exception: Failed to open /home/miika/.config/mpd/playlists: No such file or directory
Aug 14 16:35 : exception: Failed to decode /home/miika/Music/Imagine Dragons - Believer.mp3; Failed to open '/home/miika/Music/Imagine Dragons - Believer.mp3': No such file or directory
Aug 14 16:35 : player: played "Imagine Dragons - Believer.mp3"
Aug 14 16:35 : exception: Failed to decode /home/miika/Music/Shawn Mendes - Wonder.mp3; Failed to open '/home/miika/Music/Shawn Mendes - Wonder.mp3': No such file or directory
Aug 14 16:35 : player: played "Shawn Mendes - Wonder.mp3"
Aug 14 16:35 : exception: Failed to decode /home/miika/Music/Shawn Mendes - Wonder.mp3; Failed to open '/home/miika/Music/Shawn Mendes - Wonder.mp3': No such file or directory
Aug 14 16:35 : player: played "Shawn Mendes - Wonder.mp3"
Aug 14 16:35 : exception: Failed to decode /home/miika/Music/The Kid LAROI, Justin Bieber - STAY (with Justin Bieber).mp3; Failed to open '/home/miika/Music/The Kid LAROI, Justin Bieber - STAY (with Justin Bieber).mp3': No such file or directory
Aug 14 16:35 : player: played "The Kid LAROI, Justin Bieber - STAY (with Justin Bieber).mp3"
Aug 14 16:35 : exception: Failed to decode /home/miika/Music/The Kid LAROI, Justin Bieber - STAY (with Justin Bieber).mp3; Failed to open '/home/miika/Music/The Kid LAROI, Justin Bieber - STAY (with Justin Bieber).mp3': No such file or directory
Aug 14 16:35 : player: played "The Kid LAROI, Justin Bieber - STAY (with Justin Bieber).mp3"
Aug 14 16:35 : exception: Failed to decode /home/miika/Music/The Kid LAROI, Justin Bieber - STAY (with Justin Bieber).mp3; Failed to open '/home/miika/Music/The Kid LAROI, Justin Bieber - STAY (with Justin Bieber).mp3': No such file or directory
Aug 14 16:35 : player: played "The Kid LAROI, Justin Bieber - STAY (with Justin Bieber).mp3"
Aug 14 16:35 : exception: Failed to decode /home/miika/Music/Shawn Mendes - Wonder.mp3; Failed to open '/home/miika/Music/Shawn Mendes - Wonder.mp3': No such file or directory
Aug 14 16:35 : player: played "Shawn Mendes - Wonder.mp3"
Aug 14 16:35 : exception: Failed to decode /home/miika/Music/Shawn Mendes - Wonder.mp3; Failed to open '/home/miika/Music/Shawn Mendes - Wonder.mp3': No such file or directory
Aug 14 16:35 : player: played "Shawn Mendes - Wonder.mp3"
Aug 14 16:35 : exception: Failed to decode /home/miika/Music/Shawn Mendes - Wonder.mp3; Failed to open '/home/miika/Music/Shawn Mendes - Wonder.mp3': No such file or directory
Aug 14 16:35 : player: played "Shawn Mendes - Wonder.mp3"
Aug 14 16:35 : exception: Failed to decode /home/miika/Music/The Kid LAROI, Justin Bieber - STAY (with Justin Bieber).mp3; Failed to open '/home/miika/Music/The Kid LAROI, Justin Bieber - STAY (with Justin Bieber).mp3': No such file or directory
Aug 14 16:35 : player: played "The Kid LAROI, Justin Bieber - STAY (with Justin Bieber).mp3"
Aug 14 16:35 : exception: Failed to decode /home/miika/Music/The Kid LAROI, Justin Bieber - STAY (with Justin Bieber).mp3; Failed to open '/home/miika/Music/The Kid LAROI, Justin Bieber - STAY (with Justin Bieber).mp3': No such file or directory
Aug 14 16:35 : player: played "The Kid LAROI, Justin Bieber - STAY (with Justin Bieber).mp3"
Aug 14 16:35 : exception: Failed to decode /home/miika/Music/The Kid LAROI, Justin Bieber - STAY (with Justin Bieber).mp3; Failed to open '/home/miika/Music/The Kid LAROI, Justin Bieber - STAY (with Justin Bieber).mp3': No such file or directory
Aug 14 16:35 : player: played "The Kid LAROI, Justin Bieber - STAY (with Justin Bieber).mp3"
Aug 14 16:35 : exception: Failed to open /home/miika/.config/mpd/playlists: No such file or directory
Aug 14 16:35 : exception: Failed to open /home/miika/.config/mpd/playlists: No such file or directory
Aug 14 16:35 : exception: Failed to open /home/miika/.config/mpd/playlists: No such file or directory
Aug 14 16:35 : exception: Failed to open /home/miika/.config/mpd/playlists: No such file or directory
Aug 14 16:35 : exception: Failed to open /home/miika/.config/mpd/playlists: No such file or directory
Aug 14 18:07 : exception: Failed to open /home/miika/.config/mpd/playlists: No such file or directory
Aug 14 18:08 : exception: Failed to open /home/miika/.config/mpd/playlists: No such file or directory
Aug 14 18:08 : exception: Failed to decode /home/miika/Music/Taylor Swift - Bad Blood.mp3; Failed to open '/home/miika/Music/Taylor Swift - Bad Blood.mp3': No such file or directory
Aug 14 18:08 : player: played "Taylor Swift - Bad Blood.mp3"
Aug 14 18:08 : exception: Failed to decode /home/miika/Music/Taylor Swift - Bad Blood.mp3; Failed to open '/home/miika/Music/Taylor Swift - Bad Blood.mp3': No such file or directory
Aug 14 18:08 : player: played "Taylor Swift - Bad Blood.mp3"
Aug 14 18:08 : exception: Failed to decode /home/miika/Music/Taylor Swift - Bad Blood.mp3; Failed to open '/home/miika/Music/Taylor Swift - Bad Blood.mp3': No such file or directory
Aug 14 18:08 : exception: Failed to decode /home/miika/Music/Taylor Swift - Bad Blood.mp3; Failed to open '/home/miika/Music/Taylor Swift - Bad Blood.mp3': No such file or directory
Aug 14 18:08 : player: played "Taylor Swift - Bad Blood.mp3"
Aug 14 18:08 : exception: Failed to decode /home/miika/Music/Taylor Swift - Bad Blood.mp3; Failed to open '/home/miika/Music/Taylor Swift - Bad Blood.mp3': No such file or directory
Aug 14 18:08 : player: played "Taylor Swift - Bad Blood.mp3"
Aug 14 18:08 : exception: Failed to decode /home/miika/Music/Taylor Swift - Bad Blood.mp3; Failed to open '/home/miika/Music/Taylor Swift - Bad Blood.mp3': No such file or directory
Aug 14 18:08 : player: played "Taylor Swift - Bad Blood.mp3"
Aug 14 18:08 : exception: Failed to decode /home/miika/Music/Taylor Swift - Bad Blood.mp3; Failed to open '/home/miika/Music/Taylor Swift - Bad Blood.mp3': No such file or directory
Aug 14 18:08 : player: played "Taylor Swift - Bad Blood.mp3"
Aug 14 18:08 : exception: Failed to decode /home/miika/Music/Taylor Swift - Bad Blood.mp3; Failed to open '/home/miika/Music/Taylor Swift - Bad Blood.mp3': No such file or directory
Aug 14 18:08 : player: played "Taylor Swift - Bad Blood.mp3"
Aug 14 18:08 : exception: Failed to decode /home/miika/Music/Taylor Swift - Bad Blood.mp3; Failed to open '/home/miika/Music/Taylor Swift - Bad Blood.mp3': No such file or directory
Aug 14 18:08 : player: played "Taylor Swift - Bad Blood.mp3"
Aug 14 18:09 : exception: Failed to open /home/miika/.config/mpd/playlists: No such file or directory
Aug 14 18:09 : exception: Failed to open /home/miika/.config/mpd/playlists: No such file or directory
Aug 14 18:10 : exception: Failed to open /home/miika/.config/mpd/playlists: No such file or directory
Aug 14 18:10 : exception: Failed to open /home/miika/.config/mpd/playlists: No such file or directory
Aug 14 18:10 : exception: Failed to open /home/miika/.config/mpd/playlists: No such file or directory
Aug 14 18:10 : exception: Failed to open /home/miika/.config/mpd/playlists: No such file or directory
Aug 14 18:10 : exception: Failed to open /home/miika/.config/mpd/playlists: No such file or directory
Aug 14 18:10 : exception: Failed to open /home/miika/.config/mpd/playlists: No such file or directory
Aug 14 18:10 : exception: Failed to open /home/miika/.config/mpd/playlists: No such file or directory
Aug 14 18:10 : exception: Failed to open /home/miika/.config/mpd/playlists: No such file or directory
Aug 14 18:10 : exception: Failed to open /home/miika/.config/mpd/playlists: No such file or directory
Aug 14 18:10 : exception: Failed to open /home/miika/.config/mpd/playlists: No such file or directory
Aug 14 18:10 : exception: Failed to open /home/miika/.config/mpd/playlists: No such file or directory
Aug 14 18:10 : exception: Failed to open /home/miika/.config/mpd/playlists: No such file or directory
Aug 14 18:10 : exception: Failed to open /home/miika/.config/mpd/playlists: No such file or directory
Aug 14 18:10 : exception: Failed to open /home/miika/.config/mpd/playlists: No such file or directory
Aug 14 18:10 : exception: Failed to open /home/miika/.config/mpd/playlists: No such file or directory
Aug 14 18:10 : exception: Failed to open /home/miika/.config/mpd/playlists: No such file or directory
Aug 14 18:11 : exception: Failed to open /home/miika/.config/mpd/playlists: No such file or directory
Aug 14 18:11 : exception: Failed to open /home/miika/.config/mpd/playlists: No such file or directory
Aug 14 18:11 : exception: Failed to open /home/miika/.config/mpd/playlists: No such file or directory
Aug 14 18:11 : exception: Failed to open /home/miika/.config/mpd/playlists: No such file or directory
Aug 14 18:11 : exception: Failed to open /home/miika/.config/mpd/playlists: No such file or directory
Aug 14 18:11 : exception: Failed to open /home/miika/.config/mpd/playlists: No such file or directory
Aug 14 18:11 : exception: Failed to open /home/miika/.config/mpd/playlists: No such file or directory
Aug 14 18:11 : exception: Failed to open /home/miika/.config/mpd/playlists: No such file or directory
Aug 14 18:11 : exception: Failed to open /home/miika/.config/mpd/playlists: No such file or directory
Aug 14 18:11 : exception: Failed to open /home/miika/.config/mpd/playlists: No such file or directory
Aug 14 18:11 : exception: Failed to open /home/miika/.config/mpd/playlists: No such file or directory
Aug 14 18:11 : exception: Failed to open /home/miika/.config/mpd/playlists: No such file or directory
Aug 14 18:11 : exception: Failed to open /home/miika/.config/mpd/playlists: No such file or directory
Aug 14 18:11 : exception: Failed to open /home/miika/.config/mpd/playlists: No such file or directory
Aug 14 18:11 : exception: Failed to open /home/miika/.config/mpd/playlists: No such file or directory
Aug 14 18:11 : exception: Failed to open /home/miika/.config/mpd/playlists: No such file or directory
Aug 14 18:11 : exception: Failed to open /home/miika/.config/mpd/playlists: No such file or directory
Aug 14 18:11 : exception: Failed to open /home/miika/.config/mpd/playlists: No such file or directory
Aug 14 18:11 : exception: Failed to open /home/miika/.config/mpd/playlists: No such file or directory
Aug 14 18:11 : exception: Failed to open /home/miika/.config/mpd/playlists: No such file or directory
Aug 14 18:11 : exception: Failed to open /home/miika/.config/mpd/playlists: No such file or directory
